<?xml version="1.0" encoding="UTF-8"?>
<testsuite xmlns:xsi="http://www.w3.org/2001/XMLSchema-instance" xsi:schemaLocation="https://maven.apache.org/surefire/maven-surefire-plugin/xsd/surefire-test-report.xsd" name="com.seo.task.TaskTest" time="3.301" tests="1" errors="1" skipped="0" failures="0">
  <properties>
[...]
</properties>
  <testcase name="taskTests" classname="com.seo.task.TaskTest" time="0.27">
    <error type="java.lang.NullPointerException">java.lang.NullPointerException
	at com.seo.task.TaskTest.taskTests(TaskTest.java:76)
</error>
    <system-out><![CDATA[INFO : org.springframework.test.context.support.DefaultTestContextBootstrapper - Loaded default TestExecutionListener class names from location [META-INF/spring.factories]: [org.springframework.test.context.web.ServletTestExecutionListener, org.springframework.test.context.support.DirtiesContextBeforeModesTestExecutionListener, org.springframework.test.context.support.DependencyInjectionTestExecutionListener, org.springframework.test.context.support.DirtiesContextTestExecutionListener, org.springframework.test.context.transaction.TransactionalTestExecutionListener, org.springframework.test.context.jdbc.SqlScriptsTestExecutionListener]
INFO : org.springframework.test.context.support.DefaultTestContextBootstrapper - Using TestExecutionListeners: [org.springframework.test.context.web.ServletTestExecutionListener@52feb982, org.springframework.test.context.support.DirtiesContextBeforeModesTestExecutionListener@7a765367, org.springframework.test.context.support.DependencyInjectionTestExecutionListener@76b0bfab, org.springframework.test.context.support.DirtiesContextTestExecutionListener@17d677df, org.springframework.test.context.transaction.TransactionalTestExecutionListener@3043fe0e, org.springframework.test.context.jdbc.SqlScriptsTestExecutionListener@78e67e0a]
INFO : org.springframework.beans.factory.xml.XmlBeanDefinitionReader - Loading XML bean definitions from URL [file:src/main/webapp/WEB-INF/spring/root-context.xml]
INFO : org.springframework.context.support.GenericApplicationContext - Refreshing org.springframework.context.support.GenericApplicationContext@1060b431: startup date [Sat Oct 07 21:57:06 KST 2023]; root of context hierarchy
INFO : org.springframework.beans.factory.annotation.AutowiredAnnotationBeanPostProcessor - JSR-330 'javax.inject.Inject' annotation found and supported for autowiring
INFO : com.zaxxer.hikari.HikariDataSource - HikariPool-1 - Starting...
INFO : jdbc.connection - 1. Connection opened
INFO : jdbc.audit - 1. Connection.new Connection returned 
INFO : com.zaxxer.hikari.pool.PoolBase - HikariPool-1 - Driver does not support get/set network timeout for connections. (net.sf.log4jdbc.sql.jdbcapi.ConnectionSpy.getNetworkTimeout()I)
INFO : jdbc.audit - 1. Connection.isReadOnly() returned false
INFO : jdbc.audit - 1. Connection.getAutoCommit() returned true
INFO : jdbc.audit - 1. Connection.isValid(1) returned true
INFO : jdbc.audit - 1. Connection.getTransactionIsolation() returned 2
INFO : com.zaxxer.hikari.HikariDataSource - HikariPool-1 - Start completed.
INFO : jdbc.connection - 2. Connection opened
INFO : jdbc.audit - 2. Connection.new Connection returned 
INFO : jdbc.audit - 2. Connection.isReadOnly() returned false
INFO : jdbc.audit - 2. Connection.getAutoCommit() returned true
INFO : jdbc.connection - 3. Connection opened
INFO : jdbc.audit - 3. Connection.new Connection returned 
INFO : jdbc.audit - 3. Connection.isReadOnly() returned false
INFO : jdbc.audit - 3. Connection.getAutoCommit() returned true
INFO : jdbc.connection - 4. Connection opened
INFO : jdbc.audit - 4. Connection.new Connection returned 
INFO : jdbc.audit - 4. Connection.isReadOnly() returned false
INFO : jdbc.audit - 4. Connection.getAutoCommit() returned true
INFO : jdbc.connection - 5. Connection opened
INFO : jdbc.audit - 5. Connection.new Connection returned 
INFO : jdbc.audit - 5. Connection.isReadOnly() returned false
INFO : jdbc.audit - 5. Connection.getAutoCommit() returned true
INFO : jdbc.connection - 6. Connection opened
INFO : jdbc.audit - 6. Connection.new Connection returned 
INFO : jdbc.audit - 6. Connection.isReadOnly() returned false
INFO : jdbc.audit - 6. Connection.getAutoCommit() returned true
INFO : jdbc.connection - 7. Connection opened
INFO : jdbc.audit - 7. Connection.new Connection returned 
INFO : jdbc.audit - 7. Connection.isReadOnly() returned false
INFO : jdbc.audit - 7. Connection.getAutoCommit() returned true
INFO : jdbc.connection - 8. Connection opened
INFO : jdbc.audit - 8. Connection.new Connection returned 
INFO : jdbc.audit - 8. Connection.isReadOnly() returned false
INFO : jdbc.audit - 8. Connection.getAutoCommit() returned true
INFO : org.springframework.scheduling.annotation.ScheduledAnnotationBeanPostProcessor - No TaskScheduler/ScheduledExecutorService bean found for scheduled processing
INFO : jdbc.connection - 9. Connection opened
INFO : jdbc.audit - 9. Connection.new Connection returned 
INFO : jdbc.audit - 9. Connection.isReadOnly() returned false
INFO : jdbc.audit - 9. Connection.getAutoCommit() returned true
INFO : jdbc.audit - 1. Connection.isValid(5) returned true
INFO : jdbc.audit - 1. Connection.getAutoCommit() returned true
INFO : jdbc.connection - 10. Connection opened
INFO : jdbc.audit - 10. Connection.new Connection returned 
INFO : jdbc.audit - 10. Connection.isReadOnly() returned false
INFO : jdbc.audit - 10. Connection.getAutoCommit() returned true
INFO : jdbc.audit - 1. PreparedStatement.new PreparedStatement returned 
INFO : jdbc.audit - 1. Connection.prepareStatement(select * from seo_image where uploadpath = to_char(sysdate -1, 'yyyy\mm\dd')) returned net.sf.log4jdbc.sql.jdbcapi.PreparedStatementSpy@37cd92d6
INFO : jdbc.sqlonly - select * from seo_image where uploadpath = to_char(sysdate -1, 'yyyy\mm\dd') 

INFO : jdbc.sqltiming - select * from seo_image where uploadpath = to_char(sysdate -1, 'yyyy\mm\dd') 
 {executed in 85 msec}
INFO : jdbc.audit - 1. PreparedStatement.execute() returned true
INFO : jdbc.resultset - 1. ResultSet.new ResultSet returned 
INFO : jdbc.audit - 1. PreparedStatement.getResultSet() returned net.sf.log4jdbc.sql.jdbcapi.ResultSetSpy@3e792ce3
INFO : jdbc.resultset - 1. ResultSet.getMetaData() returned oracle.jdbc.driver.OracleResultSetMetaData@3ef41c66
INFO : jdbc.resultset - 1. ResultSet.getType() returned 1003
INFO : jdbc.resultset - 1. ResultSet.isClosed() returned false
INFO : jdbc.resultsettable - 
|----------|---------|-----------|-----|
|productid |filename |uploadpath |uuid |
|----------|---------|-----------|-----|
|----------|---------|-----------|-----|

INFO : jdbc.resultset - 1. ResultSet.next() returned false
INFO : jdbc.resultset - 1. ResultSet.close() returned void
INFO : jdbc.audit - 1. Connection.getMetaData() returned oracle.jdbc.driver.OracleDatabaseMetaData@e041f0c
INFO : jdbc.audit - 1. PreparedStatement.close() returned 
INFO : jdbc.audit - 1. Connection.clearWarnings() returned 
fileList : 
========================================
checkFilePath : 
========================================
checkFilePath(썸네일 이미지 정보 추가 후) : 
========================================
targetFile : 
]]></system-out>
  </testcase>
</testsuite>